0 info it worked if it ends with ok
1 verbose cli [ '/usr/local/opt/nvm/v0.11.14/bin/node',
1 verbose cli   '/usr/local/opt/nvm/v0.11.14/bin/npm',
1 verbose cli   'update',
1 verbose cli   'grunt-ng-annotate' ]
2 info using npm@2.0.0
3 info using node@v0.11.14
4 verbose mapToRegistry name grunt-ng-annotate
5 verbose mapToRegistry uri https://registry.npmjs.org/grunt-ng-annotate
6 verbose request on initialization, where is /grunt-ng-annotate
7 verbose request after pass 1, where is /grunt-ng-annotate
8 verbose request url raw /grunt-ng-annotate
9 verbose request resolving registry [ 'https://registry.npmjs.org/', './grunt-ng-annotate' ]
10 verbose request after pass 2, where is https://registry.npmjs.org/grunt-ng-annotate
11 verbose request no auth needed
12 info attempt registry request try #1 at 02:19:18
13 verbose request id f6413cb9d71a1193
14 verbose etag "7IEOO7LFAGOD3JYBUXPFS6UAW"
15 http request GET https://registry.npmjs.org/grunt-ng-annotate
16 http 304 https://registry.npmjs.org/grunt-ng-annotate
17 silly registry.get cb [ 304,
17 silly registry.get   { date: 'Mon, 02 Mar 2015 08:19:15 GMT',
17 silly registry.get     server: 'Apache',
17 silly registry.get     via: '1.1 varnish',
17 silly registry.get     'last-modified': 'Mon, 02 Mar 2015 08:19:15 GMT',
17 silly registry.get     'cache-control': 'max-age=60',
17 silly registry.get     etag: '"7IEOO7LFAGOD3JYBUXPFS6UAW"',
17 silly registry.get     age: '20',
17 silly registry.get     'x-served-by': 'cache-ord1734-ORD',
17 silly registry.get     'x-cache': 'HIT',
17 silly registry.get     'x-cache-hits': '1',
17 silly registry.get     'x-timer': 'S1425284355.797609,VS0,VE0',
17 silly registry.get     vary: 'Accept',
17 silly registry.get     'content-length': '0',
17 silly registry.get     connection: 'close' } ]
18 verbose etag https://registry.npmjs.org/grunt-ng-annotate from cache
19 verbose cache add [ 'grunt-ng-annotate', '^0.15.0' ]
20 verbose cache add spec="grunt-ng-annotate@^0.15.0" args=["grunt-ng-annotate","^0.15.0"]
21 verbose parsed spec { raw: 'grunt-ng-annotate@^0.15.0',
21 verbose parsed spec   scope: null,
21 verbose parsed spec   name: 'grunt-ng-annotate',
21 verbose parsed spec   rawSpec: '^0.15.0',
21 verbose parsed spec   spec: '>=0.15.0 <0.16.0',
21 verbose parsed spec   type: 'range' }
22 verbose parsed spec { raw: 'grunt-ng-annotate@^0.15.0',
22 verbose parsed spec   scope: null,
22 verbose parsed spec   name: 'grunt-ng-annotate',
22 verbose parsed spec   rawSpec: '^0.15.0',
22 verbose parsed spec   spec: '>=0.15.0 <0.16.0',
22 verbose parsed spec   type: 'range' }
23 verbose addNamed [ 'grunt-ng-annotate', '>=0.15.0 <0.16.0' ]
24 verbose addNamed [ null, '>=0.15.0 <0.16.0' ]
25 silly lockFile 898976fc-grunt-ng-annotate-0-15-0-0-16-0 grunt-ng-annotate@>=0.15.0 <0.16.0
26 verbose lock grunt-ng-annotate@>=0.15.0 <0.16.0 /Users/Reese/.npm/898976fc-grunt-ng-annotate-0-15-0-0-16-0.lock
27 silly addNameRange { name: 'grunt-ng-annotate',
27 silly addNameRange   range: '>=0.15.0 <0.16.0',
27 silly addNameRange   hasData: false }
28 verbose mapToRegistry name grunt-ng-annotate
29 verbose mapToRegistry uri https://registry.npmjs.org/grunt-ng-annotate
30 verbose registry.get https://registry.npmjs.org/grunt-ng-annotate not expired, no request
31 silly addNameRange number 2 { name: 'grunt-ng-annotate',
31 silly addNameRange   range: '>=0.15.0 <0.16.0',
31 silly addNameRange   hasData: true }
32 silly addNameRange versions [ 'grunt-ng-annotate',
32 silly addNameRange   [ '0.0.1',
32 silly addNameRange     '0.0.2',
32 silly addNameRange     '0.0.4',
32 silly addNameRange     '0.0.5',
32 silly addNameRange     '0.0.6',
32 silly addNameRange     '0.0.7',
32 silly addNameRange     '0.0.8',
32 silly addNameRange     '0.1.0',
32 silly addNameRange     '0.2.0',
32 silly addNameRange     '0.2.1',
32 silly addNameRange     '0.2.2',
32 silly addNameRange     '0.2.3',
32 silly addNameRange     '0.3.0',
32 silly addNameRange     '0.3.1',
32 silly addNameRange     '0.3.2',
32 silly addNameRange     '0.4.0',
32 silly addNameRange     '0.5.0',
32 silly addNameRange     '0.6.0',
32 silly addNameRange     '0.7.0',
32 silly addNameRange     '0.8.0',
32 silly addNameRange     '0.9.0',
32 silly addNameRange     '0.9.1',
32 silly addNameRange     '0.9.2',
32 silly addNameRange     '0.10.0' ] ]
33 silly lockFile 898976fc-grunt-ng-annotate-0-15-0-0-16-0 grunt-ng-annotate@>=0.15.0 <0.16.0
34 silly lockFile 898976fc-grunt-ng-annotate-0-15-0-0-16-0 grunt-ng-annotate@>=0.15.0 <0.16.0
35 info outdated updating []
36 verbose stack Error: No compatible version found: grunt-ng-annotate@'>=0.15.0 <0.16.0'
36 verbose stack Valid install targets:
36 verbose stack ["0.0.1","0.0.2","0.0.4","0.0.5","0.0.6","0.0.7","0.0.8","0.1.0","0.2.0","0.2.1","0.2.2","0.2.3","0.3.0","0.3.1","0.3.2","0.4.0","0.5.0","0.6.0","0.7.0","0.8.0","0.9.0","0.9.1","0.9.2","0.10.0"]
36 verbose stack
36 verbose stack     at installTargetsError (/usr/local/opt/nvm/v0.11.14/lib/node_modules/npm/lib/cache/add-named.js:258:12)
36 verbose stack     at next (/usr/local/opt/nvm/v0.11.14/lib/node_modules/npm/lib/cache/add-named.js:237:17)
36 verbose stack     at setData (/usr/local/opt/nvm/v0.11.14/lib/node_modules/npm/lib/cache/add-named.js:214:5)
36 verbose stack     at RegClient.get_ (/usr/local/opt/nvm/v0.11.14/lib/node_modules/npm/node_modules/npm-registry-client/lib/get.js:130:14)
36 verbose stack     at RegClient.<anonymous> (/usr/local/opt/nvm/v0.11.14/lib/node_modules/npm/node_modules/npm-registry-client/lib/get.js:49:12)
36 verbose stack     at evalmachine.<anonymous>:295:14
36 verbose stack     at /usr/local/opt/nvm/v0.11.14/lib/node_modules/npm/node_modules/graceful-fs/graceful-fs.js:102:5
36 verbose stack     at Object.oncomplete (evalmachine.<anonymous>:93:15)
37 verbose cwd /Users/Reese/Sites/reeseandmeg
38 error Darwin 14.1.0
39 error argv "/usr/local/opt/nvm/v0.11.14/bin/node" "/usr/local/opt/nvm/v0.11.14/bin/npm" "update" "grunt-ng-annotate"
40 error node v0.11.14
41 error npm  v2.0.0
42 error code ETARGET
43 error notarget No compatible version found: grunt-ng-annotate@'>=0.15.0 <0.16.0'
43 error notarget Valid install targets:
43 error notarget ["0.0.1","0.0.2","0.0.4","0.0.5","0.0.6","0.0.7","0.0.8","0.1.0","0.2.0","0.2.1","0.2.2","0.2.3","0.3.0","0.3.1","0.3.2","0.4.0","0.5.0","0.6.0","0.7.0","0.8.0","0.9.0","0.9.1","0.9.2","0.10.0"]
43 error notarget
43 error notarget This is most likely not a problem with npm itself.
43 error notarget In most cases you or one of your dependencies are requesting
43 error notarget a package version that doesn't exist.
44 verbose exit [ 1, true ]
